{"/root/tarqs-crafty-bot/discord-bot-cdk/discord-bot/src/handlers/buttonHandlers.ts": {"path":"/root/tarqs-crafty-bot/discord-bot-cdk/discord-bot/src/handlers/buttonHandlers.ts","statementMap":{"0":{"start":{"line":2,"column":0},"end":{"line":2,"column":51}},"1":{"start":{"line":3,"column":0},"end":{"line":3,"column":76}},"2":{"start":{"line":5,"column":13},"end":{"line":38,"column":2}},"3":{"start":{"line":10,"column":34},"end":{"line":10,"column":57}},"4":{"start":{"line":11,"column":4},"end":{"line":20,"column":5}},"5":{"start":{"line":12,"column":6},"end":{"line":12,"column":39}},"6":{"start":{"line":13,"column":6},"end":{"line":16,"column":7}},"7":{"start":{"line":14,"column":32},"end":{"line":14,"column":67}},"8":{"start":{"line":15,"column":10},"end":{"line":15,"column":64}},"9":{"start":{"line":18,"column":8},"end":{"line":18,"column":66}},"10":{"start":{"line":19,"column":8},"end":{"line":19,"column":103}},"11":{"start":{"line":23,"column":40},"end":{"line":23,"column":63}},"12":{"start":{"line":24,"column":4},"end":{"line":36,"column":5}},"13":{"start":{"line":25,"column":6},"end":{"line":35,"column":7}},"14":{"start":{"line":26,"column":8},"end":{"line":26,"column":41}},"15":{"start":{"line":27,"column":21},"end":{"line":27,"column":56}},"16":{"start":{"line":28,"column":8},"end":{"line":28,"column":69}},"17":{"start":{"line":30,"column":8},"end":{"line":30,"column":55}},"18":{"start":{"line":31,"column":8},"end":{"line":34,"column":11}}},"fnMap":{"0":{"name":"(anonymous_0)","decl":{"start":{"line":9,"column":9},"end":{"line":9,"column":14}},"loc":{"start":{"line":9,"column":46},"end":{"line":21,"column":3}}},"1":{"name":"(anonymous_1)","decl":{"start":{"line":22,"column":14},"end":{"line":22,"column":19}},"loc":{"start":{"line":22,"column":51},"end":{"line":37,"column":3}}}},"branchMap":{"0":{"loc":{"start":{"line":13,"column":6},"end":{"line":16,"column":7}},"type":"if","locations":[{"start":{"line":13,"column":6},"end":{"line":16,"column":7}}]},"1":{"loc":{"start":{"line":24,"column":4},"end":{"line":36,"column":5}},"type":"if","locations":[{"start":{"line":24,"column":4},"end":{"line":36,"column":5}}]},"2":{"loc":{"start":{"line":24,"column":8},"end":{"line":24,"column":68}},"type":"binary-expr","locations":[{"start":{"line":24,"column":8},"end":{"line":24,"column":36}},{"start":{"line":24,"column":40},"end":{"line":24,"column":68}}]}},"s":{"0":1,"1":1,"2":1,"3":1,"4":1,"5":1,"6":1,"7":1,"8":1,"9":0,"10":0,"11":2,"12":2,"13":2,"14":2,"15":2,"16":2,"17":0,"18":0},"f":{"0":1,"1":2},"b":{"0":[1],"1":[2],"2":[2,1]}}
,"/root/tarqs-crafty-bot/discord-bot-cdk/discord-bot/src/handlers/commandHandlers.ts": {"path":"/root/tarqs-crafty-bot/discord-bot-cdk/discord-bot/src/handlers/commandHandlers.ts","statementMap":{"0":{"start":{"line":2,"column":0},"end":{"line":2,"column":61}},"1":{"start":{"line":3,"column":0},"end":{"line":3,"column":82}},"2":{"start":{"line":4,"column":0},"end":{"line":4,"column":67}},"3":{"start":{"line":6,"column":13},"end":{"line":21,"column":2}},"4":{"start":{"line":11,"column":4},"end":{"line":11,"column":34}},"5":{"start":{"line":15,"column":4},"end":{"line":15,"column":41}},"6":{"start":{"line":19,"column":4},"end":{"line":19,"column":49}}},"fnMap":{"0":{"name":"(anonymous_0)","decl":{"start":{"line":10,"column":13},"end":{"line":10,"column":18}},"loc":{"start":{"line":10,"column":36},"end":{"line":12,"column":3}}},"1":{"name":"(anonymous_1)","decl":{"start":{"line":14,"column":7},"end":{"line":14,"column":12}},"loc":{"start":{"line":14,"column":30},"end":{"line":16,"column":3}}},"2":{"name":"(anonymous_2)","decl":{"start":{"line":18,"column":15},"end":{"line":18,"column":20}},"loc":{"start":{"line":18,"column":38},"end":{"line":20,"column":3}}}},"branchMap":{},"s":{"0":1,"1":1,"2":1,"3":1,"4":1,"5":1,"6":1},"f":{"0":1,"1":1,"2":1},"b":{}}
,"/root/tarqs-crafty-bot/discord-bot-cdk/discord-bot/src/handlers/interactionHandler.ts": {"path":"/root/tarqs-crafty-bot/discord-bot-cdk/discord-bot/src/handlers/interactionHandler.ts","statementMap":{"0":{"start":{"line":9,"column":0},"end":{"line":9,"column":7}},"1":{"start":{"line":6,"column":0},"end":{"line":6,"column":52}},"2":{"start":{"line":7,"column":0},"end":{"line":7,"column":50}},"3":{"start":{"line":10,"column":2},"end":{"line":24,"column":3}},"4":{"start":{"line":11,"column":4},"end":{"line":21,"column":5}},"5":{"start":{"line":12,"column":22},"end":{"line":12,"column":64}},"6":{"start":{"line":13,"column":22},"end":{"line":13,"column":58}},"7":{"start":{"line":14,"column":6},"end":{"line":14,"column":42}},"8":{"start":{"line":14,"column":19},"end":{"line":14,"column":42}},"9":{"start":{"line":15,"column":11},"end":{"line":21,"column":5}},"10":{"start":{"line":16,"column":21},"end":{"line":16,"column":53}},"11":{"start":{"line":17,"column":23},"end":{"line":17,"column":63}},"12":{"start":{"line":18,"column":26},"end":{"line":18,"column":41}},"13":{"start":{"line":19,"column":22},"end":{"line":19,"column":44}},"14":{"start":{"line":20,"column":6},"end":{"line":20,"column":54}},"15":{"start":{"line":20,"column":19},"end":{"line":20,"column":54}},"16":{"start":{"line":23,"column":4},"end":{"line":23,"column":58}}},"fnMap":{"0":{"name":"interactionHandler","decl":{"start":{"line":9,"column":22},"end":{"line":9,"column":40}},"loc":{"start":{"line":9,"column":65},"end":{"line":25,"column":1}}}},"branchMap":{"0":{"loc":{"start":{"line":11,"column":4},"end":{"line":21,"column":5}},"type":"if","locations":[{"start":{"line":11,"column":4},"end":{"line":21,"column":5}},{"start":{"line":15,"column":11},"end":{"line":21,"column":5}}]},"1":{"loc":{"start":{"line":14,"column":6},"end":{"line":14,"column":42}},"type":"if","locations":[{"start":{"line":14,"column":6},"end":{"line":14,"column":42}}]},"2":{"loc":{"start":{"line":15,"column":11},"end":{"line":21,"column":5}},"type":"if","locations":[{"start":{"line":15,"column":11},"end":{"line":21,"column":5}}]},"3":{"loc":{"start":{"line":20,"column":6},"end":{"line":20,"column":54}},"type":"if","locations":[{"start":{"line":20,"column":6},"end":{"line":20,"column":54}}]}},"s":{"0":1,"1":1,"2":1,"3":2,"4":2,"5":1,"6":1,"7":1,"8":1,"9":1,"10":1,"11":1,"12":1,"13":1,"14":1,"15":1,"16":0},"f":{"0":2},"b":{"0":[1,1],"1":[1],"2":[1],"3":[1]}}
,"/root/tarqs-crafty-bot/discord-bot-cdk/discord-bot/src/handlers/builders/professionBuilder.ts": {"path":"/root/tarqs-crafty-bot/discord-bot-cdk/discord-bot/src/handlers/builders/professionBuilder.ts","statementMap":{"0":{"start":{"line":90,"column":0},"end":{"line":90,"column":7}},"1":{"start":{"line":99,"column":0},"end":{"line":99,"column":7}},"2":{"start":{"line":1,"column":0},"end":{"line":1,"column":null}},"3":{"start":{"line":7,"column":0},"end":{"line":7,"column":53}},"4":{"start":{"line":9,"column":29},"end":{"line":9,"column":31}},"5":{"start":{"line":17,"column":2},"end":{"line":27,"column":7}},"6":{"start":{"line":31,"column":2},"end":{"line":34,"column":24}},"7":{"start":{"line":42,"column":14},"end":{"line":42,"column":36}},"8":{"start":{"line":43,"column":2},"end":{"line":52,"column":3}},"9":{"start":{"line":44,"column":4},"end":{"line":51,"column":6}},"10":{"start":{"line":53,"column":2},"end":{"line":62,"column":3}},"11":{"start":{"line":54,"column":4},"end":{"line":61,"column":6}},"12":{"start":{"line":64,"column":2},"end":{"line":66,"column":3}},"13":{"start":{"line":65,"column":4},"end":{"line":65,"column":15}},"14":{"start":{"line":67,"column":2},"end":{"line":67,"column":12}},"15":{"start":{"line":73,"column":14},"end":{"line":73,"column":36}},"16":{"start":{"line":75,"column":2},"end":{"line":82,"column":5}},"17":{"start":{"line":76,"column":6},"end":{"line":81,"column":8}},"18":{"start":{"line":84,"column":2},"end":{"line":86,"column":3}},"19":{"start":{"line":85,"column":4},"end":{"line":85,"column":15}},"20":{"start":{"line":87,"column":2},"end":{"line":87,"column":12}},"21":{"start":{"line":91,"column":2},"end":{"line":96,"column":5}},"22":{"start":{"line":104,"column":31},"end":{"line":106,"column":null}},"23":{"start":{"line":106,"column":6},"end":{"line":106,"column":65}},"24":{"start":{"line":109,"column":21},"end":{"line":109,"column":72}},"25":{"start":{"line":111,"column":22},"end":{"line":113,"column":null}},"26":{"start":{"line":117,"column":4},"end":{"line":119,"column":14}},"27":{"start":{"line":118,"column":36},"end":{"line":118,"column":50}},"28":{"start":{"line":121,"column":2},"end":{"line":130,"column":5}}},"fnMap":{"0":{"name":"professionEmbed","decl":{"start":{"line":11,"column":15},"end":{"line":11,"column":30}},"loc":{"start":{"line":15,"column":20},"end":{"line":28,"column":1}}},"1":{"name":"multipleCharacterEmbed","decl":{"start":{"line":30,"column":15},"end":{"line":30,"column":37}},"loc":{"start":{"line":30,"column":56},"end":{"line":35,"column":1}}},"2":{"name":"paginationComponent","decl":{"start":{"line":37,"column":15},"end":{"line":37,"column":34}},"loc":{"start":{"line":40,"column":20},"end":{"line":68,"column":1}}},"3":{"name":"multipleCharactersComponent","decl":{"start":{"line":70,"column":15},"end":{"line":70,"column":42}},"loc":{"start":{"line":71,"column":11},"end":{"line":88,"column":1}}},"4":{"name":"(anonymous_4)","decl":{"start":{"line":75,"column":26},"end":{"line":75,"column":27}},"loc":{"start":{"line":75,"column":35},"end":{"line":82,"column":3}}},"5":{"name":"multipleCharacters","decl":{"start":{"line":90,"column":22},"end":{"line":90,"column":40}},"loc":{"start":{"line":90,"column":87},"end":{"line":97,"column":1}}},"6":{"name":"listProfessionData","decl":{"start":{"line":99,"column":22},"end":{"line":99,"column":40}},"loc":{"start":{"line":102,"column":10},"end":{"line":131,"column":1}}},"7":{"name":"(anonymous_7)","decl":{"start":{"line":105,"column":4},"end":{"line":105,"column":5}},"loc":{"start":{"line":106,"column":6},"end":{"line":106,"column":65}}},"8":{"name":"(anonymous_8)","decl":{"start":{"line":118,"column":24},"end":{"line":118,"column":25}},"loc":{"start":{"line":118,"column":36},"end":{"line":118,"column":50}}}},"branchMap":{"0":{"loc":{"start":{"line":43,"column":2},"end":{"line":52,"column":3}},"type":"if","locations":[{"start":{"line":43,"column":2},"end":{"line":52,"column":3}}]},"1":{"loc":{"start":{"line":53,"column":2},"end":{"line":62,"column":3}},"type":"if","locations":[{"start":{"line":53,"column":2},"end":{"line":62,"column":3}}]},"2":{"loc":{"start":{"line":64,"column":2},"end":{"line":66,"column":3}},"type":"if","locations":[{"start":{"line":64,"column":2},"end":{"line":66,"column":3}}]},"3":{"loc":{"start":{"line":84,"column":2},"end":{"line":86,"column":3}},"type":"if","locations":[{"start":{"line":84,"column":2},"end":{"line":86,"column":3}}]},"4":{"loc":{"start":{"line":102,"column":2},"end":{"line":102,"column":10}},"type":"default-arg","locations":[{"start":{"line":102,"column":9},"end":{"line":102,"column":10}}]},"5":{"loc":{"start":{"line":106,"column":6},"end":{"line":106,"column":65}},"type":"cond-expr","locations":[{"start":{"line":106,"column":42},"end":{"line":106,"column":60}},{"start":{"line":106,"column":63},"end":{"line":106,"column":65}}]},"6":{"loc":{"start":{"line":117,"column":4},"end":{"line":119,"column":14}},"type":"cond-expr","locations":[{"start":{"line":118,"column":8},"end":{"line":118,"column":62}},{"start":{"line":119,"column":8},"end":{"line":119,"column":14}}]}},"s":{"0":1,"1":1,"2":1,"3":1,"4":1,"5":5,"6":1,"7":5,"8":5,"9":3,"10":5,"11":4,"12":5,"13":5,"14":0,"15":1,"16":1,"17":2,"18":1,"19":1,"20":0,"21":1,"22":5,"23":10,"24":5,"25":5,"26":5,"27":42,"28":5},"f":{"0":5,"1":1,"2":5,"3":1,"4":2,"5":1,"6":5,"7":10,"8":42},"b":{"0":[3],"1":[4],"2":[5],"3":[1],"4":[1],"5":[10,0],"6":[5,0]}}
,"/root/tarqs-crafty-bot/discord-bot-cdk/discord-bot/src/handlers/builders/whoBuilder.ts": {"path":"/root/tarqs-crafty-bot/discord-bot-cdk/discord-bot/src/handlers/builders/whoBuilder.ts","statementMap":{"0":{"start":{"line":65,"column":0},"end":{"line":65,"column":7}},"1":{"start":{"line":1,"column":0},"end":{"line":1,"column":null}},"2":{"start":{"line":7,"column":0},"end":{"line":7,"column":53}},"3":{"start":{"line":10,"column":24},"end":{"line":10,"column":26}},"4":{"start":{"line":11,"column":13},"end":{"line":11,"column":31}},"5":{"start":{"line":14,"column":19},"end":{"line":14,"column":100}},"6":{"start":{"line":14,"column":48},"end":{"line":14,"column":99}},"7":{"start":{"line":16,"column":23},"end":{"line":16,"column":32}},"8":{"start":{"line":17,"column":26},"end":{"line":17,"column":62}},"9":{"start":{"line":19,"column":25},"end":{"line":21,"column":21}},"10":{"start":{"line":20,"column":26},"end":{"line":20,"column":152}},"11":{"start":{"line":23,"column":4},"end":{"line":23,"column":40}},"12":{"start":{"line":27,"column":22},"end":{"line":30,"column":29}},"13":{"start":{"line":28,"column":18},"end":{"line":28,"column":46}},"14":{"start":{"line":32,"column":32},"end":{"line":35,"column":29}},"15":{"start":{"line":33,"column":18},"end":{"line":33,"column":46}},"16":{"start":{"line":37,"column":4},"end":{"line":37,"column":48}},"17":{"start":{"line":48,"column":2},"end":{"line":62,"column":7}},"18":{"start":{"line":70,"column":17},"end":{"line":70,"column":32}},"19":{"start":{"line":71,"column":20},"end":{"line":71,"column":39}},"20":{"start":{"line":72,"column":47},"end":{"line":72,"column":77}},"21":{"start":{"line":73,"column":39},"end":{"line":73,"column":78}},"22":{"start":{"line":75,"column":2},"end":{"line":78,"column":5}}},"fnMap":{"0":{"name":"formatCraftersList","decl":{"start":{"line":13,"column":9},"end":{"line":13,"column":27}},"loc":{"start":{"line":13,"column":47},"end":{"line":24,"column":1}}},"1":{"name":"(anonymous_1)","decl":{"start":{"line":14,"column":38},"end":{"line":14,"column":39}},"loc":{"start":{"line":14,"column":48},"end":{"line":14,"column":99}}},"2":{"name":"(anonymous_2)","decl":{"start":{"line":20,"column":15},"end":{"line":20,"column":22}},"loc":{"start":{"line":20,"column":26},"end":{"line":20,"column":152}}},"3":{"name":"formatReagentLists","decl":{"start":{"line":26,"column":9},"end":{"line":26,"column":27}},"loc":{"start":{"line":26,"column":51},"end":{"line":38,"column":1}}},"4":{"name":"(anonymous_4)","decl":{"start":{"line":28,"column":13},"end":{"line":28,"column":14}},"loc":{"start":{"line":28,"column":18},"end":{"line":28,"column":46}}},"5":{"name":"(anonymous_5)","decl":{"start":{"line":33,"column":13},"end":{"line":33,"column":14}},"loc":{"start":{"line":33,"column":18},"end":{"line":33,"column":46}}},"6":{"name":"whoEmbed","decl":{"start":{"line":40,"column":15},"end":{"line":40,"column":23}},"loc":{"start":{"line":46,"column":22},"end":{"line":63,"column":1}}},"7":{"name":"listRecipeData","decl":{"start":{"line":65,"column":22},"end":{"line":65,"column":36}},"loc":{"start":{"line":68,"column":14},"end":{"line":79,"column":1}}}},"branchMap":{"0":{"loc":{"start":{"line":27,"column":22},"end":{"line":30,"column":29}},"type":"binary-expr","locations":[{"start":{"line":27,"column":22},"end":{"line":30,"column":19}},{"start":{"line":30,"column":23},"end":{"line":30,"column":29}}]},"1":{"loc":{"start":{"line":32,"column":32},"end":{"line":35,"column":29}},"type":"binary-expr","locations":[{"start":{"line":32,"column":32},"end":{"line":35,"column":19}},{"start":{"line":35,"column":23},"end":{"line":35,"column":29}}]}},"s":{"0":1,"1":1,"2":1,"3":1,"4":1,"5":5,"6":70,"7":5,"8":5,"9":5,"10":50,"11":5,"12":5,"13":25,"14":5,"15":25,"16":5,"17":5,"18":5,"19":5,"20":5,"21":5,"22":5},"f":{"0":5,"1":70,"2":50,"3":5,"4":25,"5":25,"6":5,"7":5},"b":{"0":[5,0],"1":[5,0]}}
,"/root/tarqs-crafty-bot/discord-bot-cdk/discord-bot/src/handlers/commands/helpHandler.ts": {"path":"/root/tarqs-crafty-bot/discord-bot-cdk/discord-bot/src/handlers/commands/helpHandler.ts","statementMap":{"0":{"start":{"line":1,"column":0},"end":{"line":1,"column":71}},"1":{"start":{"line":3,"column":14},"end":{"line":22,"column":63}},"2":{"start":{"line":24,"column":25},"end":{"line":26,"column":1}},"3":{"start":{"line":25,"column":2},"end":{"line":25,"column":47}},"4":{"start":{"line":24,"column":13},"end":{"line":24,"column":25}}},"fnMap":{"0":{"name":"(anonymous_0)","decl":{"start":{"line":24,"column":25},"end":{"line":24,"column":30}},"loc":{"start":{"line":24,"column":76},"end":{"line":26,"column":1}}}},"branchMap":{},"s":{"0":1,"1":1,"2":1,"3":1,"4":1},"f":{"0":1},"b":{}}
,"/root/tarqs-crafty-bot/discord-bot-cdk/discord-bot/src/handlers/commands/professionHandler.ts": {"path":"/root/tarqs-crafty-bot/discord-bot-cdk/discord-bot/src/handlers/commands/professionHandler.ts","statementMap":{"0":{"start":{"line":2,"column":0},"end":{"line":2,"column":54}},"1":{"start":{"line":3,"column":0},"end":{"line":3,"column":null}},"2":{"start":{"line":7,"column":0},"end":{"line":7,"column":null}},"3":{"start":{"line":12,"column":40},"end":{"line":51,"column":1}},"4":{"start":{"line":15,"column":2},"end":{"line":15,"column":33}},"5":{"start":{"line":16,"column":2},"end":{"line":16,"column":56}},"6":{"start":{"line":16,"column":49},"end":{"line":16,"column":56}},"7":{"start":{"line":18,"column":24},"end":{"line":18,"column":66}},"8":{"start":{"line":19,"column":16},"end":{"line":19,"column":54}},"9":{"start":{"line":21,"column":2},"end":{"line":50,"column":3}},"10":{"start":{"line":22,"column":17},"end":{"line":22,"column":61}},"11":{"start":{"line":23,"column":4},"end":{"line":46,"column":5}},"12":{"start":{"line":24,"column":6},"end":{"line":33,"column":7}},"13":{"start":{"line":29,"column":8},"end":{"line":31,"column":11}},"14":{"start":{"line":32,"column":8},"end":{"line":32,"column":15}},"15":{"start":{"line":34,"column":6},"end":{"line":34,"column":50}},"16":{"start":{"line":35,"column":11},"end":{"line":46,"column":5}},"17":{"start":{"line":41,"column":6},"end":{"line":41,"column":65}},"18":{"start":{"line":43,"column":6},"end":{"line":45,"column":9}},"19":{"start":{"line":48,"column":4},"end":{"line":48,"column":47}},"20":{"start":{"line":49,"column":4},"end":{"line":49,"column":80}},"21":{"start":{"line":12,"column":13},"end":{"line":12,"column":40}}},"fnMap":{"0":{"name":"(anonymous_0)","decl":{"start":{"line":12,"column":40},"end":{"line":12,"column":45}},"loc":{"start":{"line":14,"column":4},"end":{"line":51,"column":1}}}},"branchMap":{"0":{"loc":{"start":{"line":16,"column":2},"end":{"line":16,"column":56}},"type":"if","locations":[{"start":{"line":16,"column":2},"end":{"line":16,"column":56}}]},"1":{"loc":{"start":{"line":23,"column":4},"end":{"line":46,"column":5}},"type":"if","locations":[{"start":{"line":23,"column":4},"end":{"line":46,"column":5}},{"start":{"line":35,"column":11},"end":{"line":46,"column":5}}]},"2":{"loc":{"start":{"line":24,"column":6},"end":{"line":33,"column":7}},"type":"if","locations":[{"start":{"line":24,"column":6},"end":{"line":33,"column":7}}]},"3":{"loc":{"start":{"line":25,"column":8},"end":{"line":27,"column":48}},"type":"binary-expr","locations":[{"start":{"line":25,"column":8},"end":{"line":25,"column":13}},{"start":{"line":26,"column":8},"end":{"line":26,"column":36}},{"start":{"line":27,"column":8},"end":{"line":27,"column":48}}]},"4":{"loc":{"start":{"line":35,"column":11},"end":{"line":46,"column":5}},"type":"if","locations":[{"start":{"line":35,"column":11},"end":{"line":46,"column":5}},{"start":{"line":42,"column":11},"end":{"line":46,"column":5}}]},"5":{"loc":{"start":{"line":36,"column":6},"end":{"line":39,"column":41}},"type":"binary-expr","locations":[{"start":{"line":36,"column":6},"end":{"line":36,"column":30}},{"start":{"line":37,"column":6},"end":{"line":37,"column":26}},{"start":{"line":38,"column":6},"end":{"line":38,"column":45}},{"start":{"line":39,"column":7},"end":{"line":39,"column":41}}]}},"s":{"0":1,"1":1,"2":1,"3":1,"4":6,"5":6,"6":0,"7":6,"8":6,"9":6,"10":6,"11":5,"12":2,"13":1,"14":1,"15":1,"16":3,"17":0,"18":3,"19":1,"20":1,"21":1},"f":{"0":6},"b":{"0":[0],"1":[2,3],"2":[1],"3":[2,2,2],"4":[0,3],"5":[3,0,0,0]}}
,"/root/tarqs-crafty-bot/discord-bot-cdk/discord-bot/src/handlers/commands/whoHandler.ts": {"path":"/root/tarqs-crafty-bot/discord-bot-cdk/discord-bot/src/handlers/commands/whoHandler.ts","statementMap":{"0":{"start":{"line":2,"column":0},"end":{"line":2,"column":51}},"1":{"start":{"line":3,"column":0},"end":{"line":3,"column":75}},"2":{"start":{"line":4,"column":0},"end":{"line":4,"column":56}},"3":{"start":{"line":7,"column":32},"end":{"line":24,"column":3}},"4":{"start":{"line":10,"column":4},"end":{"line":10,"column":35}},"5":{"start":{"line":11,"column":4},"end":{"line":11,"column":50}},"6":{"start":{"line":11,"column":43},"end":{"line":11,"column":50}},"7":{"start":{"line":13,"column":19},"end":{"line":13,"column":58}},"8":{"start":{"line":14,"column":4},"end":{"line":23,"column":5}},"9":{"start":{"line":15,"column":21},"end":{"line":15,"column":48}},"10":{"start":{"line":16,"column":8},"end":{"line":18,"column":9}},"11":{"start":{"line":17,"column":12},"end":{"line":17,"column":79}},"12":{"start":{"line":19,"column":8},"end":{"line":19,"column":65}},"13":{"start":{"line":21,"column":8},"end":{"line":21,"column":51}},"14":{"start":{"line":22,"column":8},"end":{"line":22,"column":74}},"15":{"start":{"line":7,"column":13},"end":{"line":7,"column":32}}},"fnMap":{"0":{"name":"(anonymous_0)","decl":{"start":{"line":7,"column":32},"end":{"line":7,"column":37}},"loc":{"start":{"line":9,"column":6},"end":{"line":24,"column":3}}}},"branchMap":{"0":{"loc":{"start":{"line":11,"column":4},"end":{"line":11,"column":50}},"type":"if","locations":[{"start":{"line":11,"column":4},"end":{"line":11,"column":50}}]},"1":{"loc":{"start":{"line":16,"column":8},"end":{"line":18,"column":9}},"type":"if","locations":[{"start":{"line":16,"column":8},"end":{"line":18,"column":9}}]},"2":{"loc":{"start":{"line":16,"column":12},"end":{"line":16,"column":92}},"type":"binary-expr","locations":[{"start":{"line":16,"column":12},"end":{"line":16,"column":26}},{"start":{"line":16,"column":30},"end":{"line":16,"column":53}},{"start":{"line":16,"column":57},"end":{"line":16,"column":92}}]}},"s":{"0":1,"1":1,"2":1,"3":1,"4":5,"5":5,"6":0,"7":5,"8":5,"9":5,"10":4,"11":1,"12":1,"13":3,"14":3,"15":1},"f":{"0":5},"b":{"0":[0],"1":[1],"2":[4,2,2]}}
,"/root/tarqs-crafty-bot/discord-bot-cdk/discord-bot/src/services/api.ts": {"path":"/root/tarqs-crafty-bot/discord-bot-cdk/discord-bot/src/services/api.ts","statementMap":{"0":{"start":{"line":55,"column":0},"end":{"line":55,"column":7}},"1":{"start":{"line":74,"column":0},"end":{"line":74,"column":7}},"2":{"start":{"line":1,"column":0},"end":{"line":1,"column":26}},"3":{"start":{"line":5,"column":2},"end":{"line":6,"column":64}},"4":{"start":{"line":13,"column":4},"end":{"line":13,"column":27}},"5":{"start":{"line":14,"column":4},"end":{"line":14,"column":41}},"6":{"start":{"line":17,"column":4},"end":{"line":17,"column":54}},"7":{"start":{"line":17,"column":22},"end":{"line":17,"column":36}},"8":{"start":{"line":24,"column":16},"end":{"line":24,"column":26}},"9":{"start":{"line":26,"column":4},"end":{"line":33,"column":5}},"10":{"start":{"line":27,"column":21},"end":{"line":27,"column":45}},"11":{"start":{"line":28,"column":6},"end":{"line":31,"column":7}},"12":{"start":{"line":29,"column":8},"end":{"line":29,"column":62}},"13":{"start":{"line":30,"column":8},"end":{"line":30,"column":32}},"14":{"start":{"line":32,"column":6},"end":{"line":32,"column":34}},"15":{"start":{"line":35,"column":4},"end":{"line":35,"column":56}},"16":{"start":{"line":36,"column":17},"end":{"line":36,"column":38}},"17":{"start":{"line":37,"column":4},"end":{"line":37,"column":73}},"18":{"start":{"line":39,"column":4},"end":{"line":39,"column":16}},"19":{"start":{"line":43,"column":16},"end":{"line":43,"column":26}},"20":{"start":{"line":44,"column":4},"end":{"line":48,"column":5}},"21":{"start":{"line":45,"column":6},"end":{"line":47,"column":7}},"22":{"start":{"line":46,"column":8},"end":{"line":46,"column":31}},"23":{"start":{"line":49,"column":4},"end":{"line":49,"column":44}},"24":{"start":{"line":53,"column":17},"end":{"line":53,"column":76}},"25":{"start":{"line":59,"column":17},"end":{"line":61,"column":51}},"26":{"start":{"line":63,"column":2},"end":{"line":71,"column":3}},"27":{"start":{"line":64,"column":4},"end":{"line":67,"column":7}},"28":{"start":{"line":65,"column":23},"end":{"line":65,"column":61}},"29":{"start":{"line":66,"column":6},"end":{"line":66,"column":27}},"30":{"start":{"line":69,"column":4},"end":{"line":69,"column":61}},"31":{"start":{"line":70,"column":4},"end":{"line":70,"column":54}},"32":{"start":{"line":75,"column":17},"end":{"line":75,"column":47}},"33":{"start":{"line":77,"column":2},"end":{"line":85,"column":3}},"34":{"start":{"line":78,"column":4},"end":{"line":81,"column":7}},"35":{"start":{"line":79,"column":23},"end":{"line":79,"column":58}},"36":{"start":{"line":80,"column":6},"end":{"line":80,"column":27}},"37":{"start":{"line":83,"column":4},"end":{"line":83,"column":58}},"38":{"start":{"line":84,"column":4},"end":{"line":84,"column":48}},"39":{"start":{"line":88,"column":0},"end":{"line":91,"column":1}},"40":{"start":{"line":90,"column":2},"end":{"line":90,"column":67}},"41":{"start":{"line":90,"column":41},"end":{"line":90,"column":66}}},"fnMap":{"0":{"name":"(anonymous_0)","decl":{"start":{"line":12,"column":2},"end":{"line":12,"column":14}},"loc":{"start":{"line":12,"column":45},"end":{"line":18,"column":3}}},"1":{"name":"(anonymous_1)","decl":{"start":{"line":17,"column":16},"end":{"line":17,"column":19}},"loc":{"start":{"line":17,"column":22},"end":{"line":17,"column":36}}},"2":{"name":"(anonymous_2)","decl":{"start":{"line":20,"column":2},"end":{"line":20,"column":7}},"loc":{"start":{"line":22,"column":35},"end":{"line":40,"column":3}}},"3":{"name":"(anonymous_3)","decl":{"start":{"line":42,"column":10},"end":{"line":42,"column":17}},"loc":{"start":{"line":42,"column":17},"end":{"line":50,"column":3}}},"4":{"name":"getCharacterData","decl":{"start":{"line":55,"column":22},"end":{"line":55,"column":38}},"loc":{"start":{"line":57,"column":16},"end":{"line":72,"column":1}}},"5":{"name":"(anonymous_5)","decl":{"start":{"line":64,"column":40},"end":{"line":64,"column":45}},"loc":{"start":{"line":64,"column":51},"end":{"line":67,"column":5}}},"6":{"name":"getRecipeData","decl":{"start":{"line":74,"column":22},"end":{"line":74,"column":35}},"loc":{"start":{"line":74,"column":50},"end":{"line":86,"column":1}}},"7":{"name":"(anonymous_7)","decl":{"start":{"line":78,"column":40},"end":{"line":78,"column":45}},"loc":{"start":{"line":78,"column":51},"end":{"line":81,"column":5}}},"8":{"name":"(anonymous_8)","decl":{"start":{"line":90,"column":35},"end":{"line":90,"column":38}},"loc":{"start":{"line":90,"column":41},"end":{"line":90,"column":66}}}},"branchMap":{"0":{"loc":{"start":{"line":5,"column":2},"end":{"line":6,"column":64}},"type":"binary-expr","locations":[{"start":{"line":5,"column":2},"end":{"line":5,"column":26}},{"start":{"line":6,"column":2},"end":{"line":6,"column":64}}]},"1":{"loc":{"start":{"line":12,"column":14},"end":{"line":12,"column":45}},"type":"default-arg","locations":[{"start":{"line":12,"column":40},"end":{"line":12,"column":45}}]},"2":{"loc":{"start":{"line":26,"column":4},"end":{"line":33,"column":5}},"type":"if","locations":[{"start":{"line":26,"column":4},"end":{"line":33,"column":5}}]},"3":{"loc":{"start":{"line":28,"column":6},"end":{"line":31,"column":7}},"type":"if","locations":[{"start":{"line":28,"column":6},"end":{"line":31,"column":7}}]},"4":{"loc":{"start":{"line":45,"column":6},"end":{"line":47,"column":7}},"type":"if","locations":[{"start":{"line":45,"column":6},"end":{"line":47,"column":7}}]},"5":{"loc":{"start":{"line":53,"column":30},"end":{"line":53,"column":75}},"type":"cond-expr","locations":[{"start":{"line":53,"column":64},"end":{"line":53,"column":67}},{"start":{"line":53,"column":70},"end":{"line":53,"column":75}}]},"6":{"loc":{"start":{"line":59,"column":17},"end":{"line":61,"column":51}},"type":"cond-expr","locations":[{"start":{"line":60,"column":6},"end":{"line":60,"column":60}},{"start":{"line":61,"column":6},"end":{"line":61,"column":51}}]},"7":{"loc":{"start":{"line":88,"column":0},"end":{"line":91,"column":1}},"type":"if","locations":[{"start":{"line":88,"column":0},"end":{"line":91,"column":1}}]}},"s":{"0":3,"1":3,"2":3,"3":3,"4":3,"5":3,"6":3,"7":0,"8":9,"9":9,"10":4,"11":4,"12":3,"13":3,"14":1,"15":6,"16":6,"17":4,"18":4,"19":0,"20":0,"21":0,"22":0,"23":0,"24":3,"25":3,"26":3,"27":3,"28":2,"29":1,"30":1,"31":1,"32":6,"33":6,"34":6,"35":4,"36":3,"37":1,"38":1,"39":3,"40":3,"41":1},"f":{"0":3,"1":0,"2":9,"3":0,"4":3,"5":2,"6":6,"7":4,"8":1},"b":{"0":[3,3],"1":[0],"2":[4],"3":[3],"4":[0],"5":[3,0],"6":[2,1],"7":[3]}}
,"/root/tarqs-crafty-bot/discord-bot-cdk/discord-bot/src/utils/helpers.ts": {"path":"/root/tarqs-crafty-bot/discord-bot-cdk/discord-bot/src/utils/helpers.ts","statementMap":{"0":{"start":{"line":1,"column":30},"end":{"line":6,"column":1}},"1":{"start":{"line":2,"column":2},"end":{"line":5,"column":15}},"2":{"start":{"line":4,"column":19},"end":{"line":4,"column":77}},"3":{"start":{"line":1,"column":13},"end":{"line":1,"column":30}}},"fnMap":{"0":{"name":"(anonymous_0)","decl":{"start":{"line":1,"column":30},"end":{"line":1,"column":31}},"loc":{"start":{"line":1,"column":55},"end":{"line":6,"column":1}}},"1":{"name":"(anonymous_1)","decl":{"start":{"line":4,"column":9},"end":{"line":4,"column":10}},"loc":{"start":{"line":4,"column":19},"end":{"line":4,"column":77}}}},"branchMap":{},"s":{"0":3,"1":129,"2":138,"3":3},"f":{"0":129,"1":138},"b":{}}
}
