TN:
SF:src/handlers/buttonHandlers.ts
FN:9,(anonymous_0)
FN:22,(anonymous_1)
FNF:2
FNH:2
FNDA:1,(anonymous_0)
FNDA:2,(anonymous_1)
DA:2,1
DA:3,1
DA:5,1
DA:10,1
DA:11,1
DA:12,1
DA:13,1
DA:14,1
DA:15,1
DA:18,0
DA:19,0
DA:23,2
DA:24,2
DA:25,2
DA:26,2
DA:27,2
DA:28,2
DA:30,0
DA:31,0
LF:19
LH:15
BRDA:13,0,0,1
BRDA:24,1,0,2
BRDA:24,2,0,2
BRDA:24,2,1,1
BRF:4
BRH:4
end_of_record
TN:
SF:src/handlers/commandHandlers.ts
FN:10,(anonymous_0)
FN:14,(anonymous_1)
FN:18,(anonymous_2)
FNF:3
FNH:3
FNDA:1,(anonymous_0)
FNDA:1,(anonymous_1)
FNDA:1,(anonymous_2)
DA:2,1
DA:3,1
DA:4,1
DA:6,1
DA:11,1
DA:15,1
DA:19,1
LF:7
LH:7
BRF:0
BRH:0
end_of_record
TN:
SF:src/handlers/interactionHandler.ts
FN:9,interactionHandler
FNF:1
FNH:1
FNDA:2,interactionHandler
DA:6,1
DA:7,1
DA:9,1
DA:10,2
DA:11,2
DA:12,1
DA:13,1
DA:14,1
DA:15,1
DA:16,1
DA:17,1
DA:18,1
DA:19,1
DA:20,1
DA:23,0
LF:15
LH:14
BRDA:11,0,0,1
BRDA:11,0,1,1
BRDA:14,1,0,1
BRDA:15,2,0,1
BRDA:20,3,0,1
BRF:5
BRH:5
end_of_record
TN:
SF:src/handlers/builders/professionBuilder.ts
FN:11,professionEmbed
FN:30,multipleCharacterEmbed
FN:37,paginationComponent
FN:70,multipleCharactersComponent
FN:75,(anonymous_4)
FN:90,multipleCharacters
FN:99,listProfessionData
FN:105,(anonymous_7)
FN:118,(anonymous_8)
FNF:9
FNH:9
FNDA:5,professionEmbed
FNDA:1,multipleCharacterEmbed
FNDA:5,paginationComponent
FNDA:1,multipleCharactersComponent
FNDA:2,(anonymous_4)
FNDA:1,multipleCharacters
FNDA:5,listProfessionData
FNDA:10,(anonymous_7)
FNDA:42,(anonymous_8)
DA:1,1
DA:7,1
DA:9,1
DA:17,5
DA:31,1
DA:42,5
DA:43,5
DA:44,3
DA:53,5
DA:54,4
DA:64,5
DA:65,5
DA:67,0
DA:73,1
DA:75,1
DA:76,2
DA:84,1
DA:85,1
DA:87,0
DA:90,1
DA:91,1
DA:99,1
DA:104,5
DA:106,10
DA:109,5
DA:111,5
DA:117,5
DA:118,42
DA:121,5
LF:29
LH:27
BRDA:43,0,0,3
BRDA:53,1,0,4
BRDA:64,2,0,5
BRDA:84,3,0,1
BRDA:102,4,0,1
BRDA:106,5,0,10
BRDA:106,5,1,0
BRDA:117,6,0,5
BRDA:117,6,1,0
BRF:9
BRH:7
end_of_record
TN:
SF:src/handlers/builders/whoBuilder.ts
FN:13,formatCraftersList
FN:14,(anonymous_1)
FN:20,(anonymous_2)
FN:26,formatReagentLists
FN:28,(anonymous_4)
FN:33,(anonymous_5)
FN:40,whoEmbed
FN:65,listRecipeData
FNF:8
FNH:8
FNDA:5,formatCraftersList
FNDA:70,(anonymous_1)
FNDA:50,(anonymous_2)
FNDA:5,formatReagentLists
FNDA:25,(anonymous_4)
FNDA:25,(anonymous_5)
FNDA:5,whoEmbed
FNDA:5,listRecipeData
DA:1,1
DA:7,1
DA:10,1
DA:11,1
DA:14,70
DA:16,5
DA:17,5
DA:19,5
DA:20,50
DA:23,5
DA:27,5
DA:28,25
DA:32,5
DA:33,25
DA:37,5
DA:48,5
DA:65,1
DA:70,5
DA:71,5
DA:72,5
DA:73,5
DA:75,5
LF:22
LH:22
BRDA:27,0,0,5
BRDA:27,0,1,0
BRDA:32,1,0,5
BRDA:32,1,1,0
BRF:4
BRH:2
end_of_record
TN:
SF:src/handlers/commands/helpHandler.ts
FN:24,(anonymous_0)
FNF:1
FNH:1
FNDA:1,(anonymous_0)
DA:1,1
DA:3,1
DA:24,1
DA:25,1
LF:4
LH:4
BRF:0
BRH:0
end_of_record
TN:
SF:src/handlers/commands/professionHandler.ts
FN:12,(anonymous_0)
FNF:1
FNH:1
FNDA:6,(anonymous_0)
DA:2,1
DA:3,1
DA:7,1
DA:12,1
DA:15,6
DA:16,6
DA:18,6
DA:19,6
DA:21,6
DA:22,6
DA:23,5
DA:24,2
DA:29,1
DA:32,1
DA:34,1
DA:35,3
DA:41,0
DA:43,3
DA:48,1
DA:49,1
LF:20
LH:19
BRDA:16,0,0,0
BRDA:23,1,0,2
BRDA:23,1,1,3
BRDA:24,2,0,1
BRDA:25,3,0,2
BRDA:25,3,1,2
BRDA:25,3,2,2
BRDA:35,4,0,0
BRDA:35,4,1,3
BRDA:36,5,0,3
BRDA:36,5,1,0
BRDA:36,5,2,0
BRDA:36,5,3,0
BRF:13
BRH:8
end_of_record
TN:
SF:src/handlers/commands/whoHandler.ts
FN:7,(anonymous_0)
FNF:1
FNH:1
FNDA:5,(anonymous_0)
DA:2,1
DA:3,1
DA:4,1
DA:7,1
DA:10,5
DA:11,5
DA:13,5
DA:14,5
DA:15,5
DA:16,4
DA:17,1
DA:19,1
DA:21,3
DA:22,3
LF:14
LH:14
BRDA:11,0,0,0
BRDA:16,1,0,1
BRDA:16,2,0,4
BRDA:16,2,1,2
BRDA:16,2,2,2
BRF:5
BRH:4
end_of_record
TN:
SF:src/services/api.ts
FN:12,(anonymous_0)
FN:17,(anonymous_1)
FN:20,(anonymous_2)
FN:42,(anonymous_3)
FN:55,getCharacterData
FN:64,(anonymous_5)
FN:74,getRecipeData
FN:78,(anonymous_7)
FN:90,(anonymous_8)
FNF:9
FNH:7
FNDA:3,(anonymous_0)
FNDA:0,(anonymous_1)
FNDA:9,(anonymous_2)
FNDA:0,(anonymous_3)
FNDA:3,getCharacterData
FNDA:2,(anonymous_5)
FNDA:6,getRecipeData
FNDA:4,(anonymous_7)
FNDA:1,(anonymous_8)
DA:1,3
DA:5,3
DA:13,3
DA:14,3
DA:17,3
DA:24,9
DA:26,9
DA:27,4
DA:28,4
DA:29,3
DA:30,3
DA:32,1
DA:35,6
DA:36,6
DA:37,4
DA:39,4
DA:43,0
DA:44,0
DA:45,0
DA:46,0
DA:49,0
DA:53,3
DA:55,3
DA:59,3
DA:63,3
DA:64,3
DA:65,2
DA:66,1
DA:69,1
DA:70,1
DA:74,3
DA:75,6
DA:77,6
DA:78,6
DA:79,4
DA:80,3
DA:83,1
DA:84,1
DA:88,3
DA:90,3
LF:40
LH:35
BRDA:5,0,0,3
BRDA:5,0,1,3
BRDA:12,1,0,0
BRDA:26,2,0,4
BRDA:28,3,0,3
BRDA:45,4,0,0
BRDA:53,5,0,3
BRDA:53,5,1,0
BRDA:59,6,0,2
BRDA:59,6,1,1
BRDA:88,7,0,3
BRF:11
BRH:8
end_of_record
TN:
SF:src/utils/helpers.ts
FN:1,(anonymous_0)
FN:4,(anonymous_1)
FNF:2
FNH:2
FNDA:129,(anonymous_0)
FNDA:138,(anonymous_1)
DA:1,3
DA:2,129
DA:4,138
LF:3
LH:3
BRF:0
BRH:0
end_of_record
